{"/home/isolated/Development/myked/gsd/xgsd-cli/src/index.ts": {"path":"/home/isolated/Development/myked/gsd/xgsd-cli/src/index.ts","statementMap":{"0":{"start":{"line":1,"column":0},"end":{"line":1,"column":8}},"1":{"start":{"line":1,"column":8},"end":{"line":1,"column":31}}},"fnMap":{"0":{"name":"(anonymous_0)","decl":{"start":{"line":1,"column":8},"end":{"line":1,"column":11}},"loc":{"start":{"line":1,"column":8},"end":{"line":1,"column":31}}}},"branchMap":{},"s":{"0":0,"1":0},"f":{"0":0},"b":{}}
,"/home/isolated/Development/myked/gsd/xgsd-cli/src/@core/keys/constants.ts": {"path":"/home/isolated/Development/myked/gsd/xgsd-cli/src/@core/keys/constants.ts","statementMap":{"0":{"start":{"line":3,"column":13},"end":{"line":3,"column":null}},"1":{"start":{"line":4,"column":13},"end":{"line":4,"column":null}},"2":{"start":{"line":6,"column":13},"end":{"line":6,"column":32}},"3":{"start":{"line":8,"column":13},"end":{"line":15,"column":null}}},"fnMap":{},"branchMap":{},"s":{"0":1,"1":1,"2":1,"3":1},"f":{},"b":{}}
,"/home/isolated/Development/myked/gsd/xgsd-cli/src/@core/keys/util.ts": {"path":"/home/isolated/Development/myked/gsd/xgsd-cli/src/@core/keys/util.ts","statementMap":{"0":{"start":{"line":1,"column":0},"end":{"line":1,"column":66}},"1":{"start":{"line":2,"column":0},"end":{"line":2,"column":92}},"2":{"start":{"line":5,"column":25},"end":{"line":35,"column":1}},"3":{"start":{"line":9,"column":16},"end":{"line":9,"column":30}},"4":{"start":{"line":10,"column":2},"end":{"line":12,"column":3}},"5":{"start":{"line":11,"column":4},"end":{"line":11,"column":null}},"6":{"start":{"line":14,"column":2},"end":{"line":16,"column":3}},"7":{"start":{"line":15,"column":4},"end":{"line":15,"column":null}},"8":{"start":{"line":18,"column":14},"end":{"line":18,"column":43}},"9":{"start":{"line":19,"column":13},"end":{"line":19,"column":44}},"10":{"start":{"line":20,"column":19},"end":{"line":20,"column":47}},"11":{"start":{"line":22,"column":18},"end":{"line":22,"column":93}},"12":{"start":{"line":24,"column":2},"end":{"line":26,"column":3}},"13":{"start":{"line":25,"column":4},"end":{"line":25,"column":null}},"14":{"start":{"line":28,"column":2},"end":{"line":34,"column":null}},"15":{"start":{"line":5,"column":13},"end":{"line":5,"column":25}},"16":{"start":{"line":37,"column":25},"end":{"line":50,"column":1}},"17":{"start":{"line":38,"column":18},"end":{"line":38,"column":48}},"18":{"start":{"line":39,"column":2},"end":{"line":41,"column":3}},"19":{"start":{"line":40,"column":4},"end":{"line":40,"column":null}},"20":{"start":{"line":43,"column":18},"end":{"line":46,"column":28}},"21":{"start":{"line":47,"column":16},"end":{"line":47,"column":40}},"22":{"start":{"line":49,"column":2},"end":{"line":49,"column":86}},"23":{"start":{"line":37,"column":13},"end":{"line":37,"column":25}},"24":{"start":{"line":60,"column":27},"end":{"line":78,"column":1}},"25":{"start":{"line":61,"column":18},"end":{"line":61,"column":48}},"26":{"start":{"line":62,"column":18},"end":{"line":62,"column":101}},"27":{"start":{"line":64,"column":2},"end":{"line":66,"column":3}},"28":{"start":{"line":65,"column":4},"end":{"line":65,"column":null}},"29":{"start":{"line":68,"column":13},"end":{"line":68,"column":40}},"30":{"start":{"line":69,"column":15},"end":{"line":69,"column":83}},"31":{"start":{"line":70,"column":17},"end":{"line":70,"column":31}},"32":{"start":{"line":71,"column":14},"end":{"line":71,"column":69}},"33":{"start":{"line":73,"column":2},"end":{"line":75,"column":3}},"34":{"start":{"line":74,"column":4},"end":{"line":74,"column":null}},"35":{"start":{"line":77,"column":2},"end":{"line":77,"column":null}},"36":{"start":{"line":60,"column":13},"end":{"line":60,"column":27}},"37":{"start":{"line":80,"column":29},"end":{"line":100,"column":1}},"38":{"start":{"line":81,"column":21},"end":{"line":81,"column":22}},"39":{"start":{"line":83,"column":2},"end":{"line":85,"column":3}},"40":{"start":{"line":84,"column":4},"end":{"line":84,"column":null}},"41":{"start":{"line":87,"column":2},"end":{"line":89,"column":3}},"42":{"start":{"line":88,"column":4},"end":{"line":88,"column":null}},"43":{"start":{"line":91,"column":2},"end":{"line":93,"column":3}},"44":{"start":{"line":92,"column":4},"end":{"line":92,"column":null}},"45":{"start":{"line":95,"column":2},"end":{"line":97,"column":3}},"46":{"start":{"line":96,"column":4},"end":{"line":96,"column":null}},"47":{"start":{"line":99,"column":2},"end":{"line":99,"column":null}},"48":{"start":{"line":80,"column":13},"end":{"line":80,"column":29}}},"fnMap":{"0":{"name":"(anonymous_0)","decl":{"start":{"line":5,"column":25},"end":{"line":5,"column":null}},"loc":{"start":{"line":8,"column":91},"end":{"line":35,"column":1}}},"1":{"name":"(anonymous_1)","decl":{"start":{"line":37,"column":25},"end":{"line":37,"column":26}},"loc":{"start":{"line":37,"column":87},"end":{"line":50,"column":1}}},"2":{"name":"(anonymous_2)","decl":{"start":{"line":60,"column":27},"end":{"line":60,"column":28}},"loc":{"start":{"line":60,"column":75},"end":{"line":78,"column":1}}},"3":{"name":"(anonymous_3)","decl":{"start":{"line":80,"column":29},"end":{"line":80,"column":30}},"loc":{"start":{"line":80,"column":100},"end":{"line":100,"column":1}}}},"branchMap":{"0":{"loc":{"start":{"line":7,"column":2},"end":{"line":7,"column":44}},"type":"default-arg","locations":[{"start":{"line":7,"column":33},"end":{"line":7,"column":44}}]},"1":{"loc":{"start":{"line":10,"column":2},"end":{"line":12,"column":3}},"type":"if","locations":[{"start":{"line":10,"column":2},"end":{"line":12,"column":3}},{"start":{},"end":{}}]},"2":{"loc":{"start":{"line":10,"column":6},"end":{"line":10,"column":45}},"type":"binary-expr","locations":[{"start":{"line":10,"column":6},"end":{"line":10,"column":22}},{"start":{"line":10,"column":26},"end":{"line":10,"column":45}}]},"3":{"loc":{"start":{"line":14,"column":2},"end":{"line":16,"column":3}},"type":"if","locations":[{"start":{"line":14,"column":2},"end":{"line":16,"column":3}},{"start":{},"end":{}}]},"4":{"loc":{"start":{"line":22,"column":18},"end":{"line":22,"column":93}},"type":"cond-expr","locations":[{"start":{"line":22,"column":29},"end":{"line":22,"column":88}},{"start":{"line":22,"column":91},"end":{"line":22,"column":93}}]},"5":{"loc":{"start":{"line":24,"column":2},"end":{"line":26,"column":3}},"type":"if","locations":[{"start":{"line":24,"column":2},"end":{"line":26,"column":3}},{"start":{},"end":{}}]},"6":{"loc":{"start":{"line":39,"column":2},"end":{"line":41,"column":3}},"type":"if","locations":[{"start":{"line":39,"column":2},"end":{"line":41,"column":3}},{"start":{},"end":{}}]},"7":{"loc":{"start":{"line":64,"column":2},"end":{"line":66,"column":3}},"type":"if","locations":[{"start":{"line":64,"column":2},"end":{"line":66,"column":3}},{"start":{},"end":{}}]},"8":{"loc":{"start":{"line":73,"column":2},"end":{"line":75,"column":3}},"type":"if","locations":[{"start":{"line":73,"column":2},"end":{"line":75,"column":3}},{"start":{},"end":{}}]},"9":{"loc":{"start":{"line":83,"column":2},"end":{"line":85,"column":3}},"type":"if","locations":[{"start":{"line":83,"column":2},"end":{"line":85,"column":3}},{"start":{},"end":{}}]},"10":{"loc":{"start":{"line":87,"column":2},"end":{"line":89,"column":3}},"type":"if","locations":[{"start":{"line":87,"column":2},"end":{"line":89,"column":3}},{"start":{},"end":{}}]},"11":{"loc":{"start":{"line":91,"column":2},"end":{"line":93,"column":3}},"type":"if","locations":[{"start":{"line":91,"column":2},"end":{"line":93,"column":3}},{"start":{},"end":{}}]},"12":{"loc":{"start":{"line":95,"column":2},"end":{"line":97,"column":3}},"type":"if","locations":[{"start":{"line":95,"column":2},"end":{"line":97,"column":3}},{"start":{},"end":{}}]},"13":{"loc":{"start":{"line":95,"column":6},"end":{"line":95,"column":60}},"type":"binary-expr","locations":[{"start":{"line":95,"column":6},"end":{"line":95,"column":33}},{"start":{"line":95,"column":37},"end":{"line":95,"column":60}}]},"14":{"loc":{"start":{"line":99,"column":9},"end":{"line":99,"column":57}},"type":"binary-expr","locations":[{"start":{"line":99,"column":9},"end":{"line":99,"column":31}},{"start":{"line":99,"column":35},"end":{"line":99,"column":57}}]}},"s":{"0":1,"1":1,"2":1,"3":6,"4":6,"5":1,"6":5,"7":1,"8":4,"9":4,"10":4,"11":4,"12":4,"13":1,"14":3,"15":1,"16":1,"17":4,"18":4,"19":1,"20":3,"21":3,"22":3,"23":1,"24":1,"25":3,"26":3,"27":3,"28":1,"29":2,"30":2,"31":2,"32":2,"33":2,"34":1,"35":1,"36":1,"37":1,"38":23,"39":23,"40":4,"41":23,"42":2,"43":23,"44":17,"45":23,"46":1,"47":22,"48":1},"f":{"0":6,"1":4,"2":3,"3":23},"b":{"0":[6],"1":[1,5],"2":[6,6],"3":[1,4],"4":[3,1],"5":[1,3],"6":[1,3],"7":[1,2],"8":[1,1],"9":[4,19],"10":[2,21],"11":[17,6],"12":[1,22],"13":[23,3],"14":[22,17]}}
,"/home/isolated/Development/myked/gsd/xgsd-cli/src/@core/keys/interfaces/index.ts": {"path":"/home/isolated/Development/myked/gsd/xgsd-cli/src/@core/keys/interfaces/index.ts","statementMap":{"0":{"start":{"line":1,"column":0},"end":{"line":1,"column":36}},"1":{"start":{"line":2,"column":0},"end":{"line":2,"column":31}},"2":{"start":{"line":3,"column":0},"end":{"line":3,"column":36}}},"fnMap":{},"branchMap":{},"s":{"0":0,"1":0,"2":0},"f":{},"b":{}}
,"/home/isolated/Development/myked/gsd/xgsd-cli/src/commands/hello/index.ts": {"path":"/home/isolated/Development/myked/gsd/xgsd-cli/src/commands/hello/index.ts","statementMap":{"0":{"start":{"line":1,"column":0},"end":{"line":1,"column":48}},"1":{"start":{"line":4,"column":16},"end":{"line":6,"column":null}},"2":{"start":{"line":7,"column":23},"end":{"line":7,"column":34}},"3":{"start":{"line":8,"column":20},"end":{"line":12,"column":null}},"4":{"start":{"line":13,"column":17},"end":{"line":15,"column":null}},"5":{"start":{"line":18,"column":26},"end":{"line":18,"column":49}},"6":{"start":{"line":20,"column":4},"end":{"line":20,"column":null}},"7":{"start":{"line":3,"column":0},"end":{"line":3,"column":21}}},"fnMap":{"0":{"name":"(anonymous_0)","decl":{"start":{"line":17,"column":2},"end":{"line":17,"column":7}},"loc":{"start":{"line":17,"column":11},"end":{"line":21,"column":3}}}},"branchMap":{},"s":{"0":0,"1":0,"2":0,"3":0,"4":0,"5":0,"6":0,"7":0},"f":{"0":0},"b":{}}
,"/home/isolated/Development/myked/gsd/xgsd-cli/src/commands/hello/world.ts": {"path":"/home/isolated/Development/myked/gsd/xgsd-cli/src/commands/hello/world.ts","statementMap":{"0":{"start":{"line":1,"column":0},"end":{"line":1,"column":35}},"1":{"start":{"line":4,"column":16},"end":{"line":4,"column":18}},"2":{"start":{"line":5,"column":23},"end":{"line":5,"column":40}},"3":{"start":{"line":6,"column":20},"end":{"line":10,"column":null}},"4":{"start":{"line":11,"column":17},"end":{"line":11,"column":19}},"5":{"start":{"line":14,"column":4},"end":{"line":14,"column":null}},"6":{"start":{"line":3,"column":0},"end":{"line":3,"column":21}}},"fnMap":{"0":{"name":"(anonymous_0)","decl":{"start":{"line":13,"column":2},"end":{"line":13,"column":7}},"loc":{"start":{"line":13,"column":11},"end":{"line":15,"column":3}}}},"branchMap":{},"s":{"0":0,"1":0,"2":0,"3":0,"4":0,"5":0,"6":0},"f":{"0":0},"b":{}}
}
