{"/home/isolated/Development/myked/gsd/xgsd-cli/src/index.ts": {"path":"/home/isolated/Development/myked/gsd/xgsd-cli/src/index.ts","statementMap":{"0":{"start":{"line":1,"column":0},"end":{"line":1,"column":8}},"1":{"start":{"line":1,"column":8},"end":{"line":1,"column":31}}},"fnMap":{"0":{"name":"(anonymous_0)","decl":{"start":{"line":1,"column":8},"end":{"line":1,"column":11}},"loc":{"start":{"line":1,"column":8},"end":{"line":1,"column":31}}}},"branchMap":{},"s":{"0":0,"1":0},"f":{"0":0},"b":{}}
,"/home/isolated/Development/myked/gsd/xgsd-cli/src/@core/keys/constants.ts": {"path":"/home/isolated/Development/myked/gsd/xgsd-cli/src/@core/keys/constants.ts","statementMap":{"0":{"start":{"line":3,"column":13},"end":{"line":3,"column":null}},"1":{"start":{"line":4,"column":13},"end":{"line":4,"column":null}},"2":{"start":{"line":5,"column":13},"end":{"line":5,"column":null}},"3":{"start":{"line":7,"column":13},"end":{"line":7,"column":null}},"4":{"start":{"line":8,"column":13},"end":{"line":8,"column":null}},"5":{"start":{"line":9,"column":13},"end":{"line":9,"column":null}},"6":{"start":{"line":11,"column":13},"end":{"line":11,"column":null}},"7":{"start":{"line":13,"column":13},"end":{"line":13,"column":32}},"8":{"start":{"line":15,"column":13},"end":{"line":22,"column":null}}},"fnMap":{},"branchMap":{},"s":{"0":1,"1":1,"2":1,"3":1,"4":1,"5":1,"6":1,"7":1,"8":1},"f":{},"b":{}}
,"/home/isolated/Development/myked/gsd/xgsd-cli/src/@core/keys/util.ts": {"path":"/home/isolated/Development/myked/gsd/xgsd-cli/src/@core/keys/util.ts","statementMap":{"0":{"start":{"line":1,"column":0},"end":{"line":1,"column":90}},"1":{"start":{"line":2,"column":0},"end":{"line":2,"column":null}},"2":{"start":{"line":13,"column":0},"end":{"line":13,"column":77}},"3":{"start":{"line":14,"column":0},"end":{"line":14,"column":47}},"4":{"start":{"line":21,"column":38},"end":{"line":23,"column":1}},"5":{"start":{"line":22,"column":2},"end":{"line":22,"column":null}},"6":{"start":{"line":21,"column":13},"end":{"line":21,"column":38}},"7":{"start":{"line":36,"column":50},"end":{"line":60,"column":1}},"8":{"start":{"line":46,"column":74},"end":{"line":46,"column":78}},"9":{"start":{"line":47,"column":2},"end":{"line":49,"column":3}},"10":{"start":{"line":48,"column":4},"end":{"line":48,"column":null}},"11":{"start":{"line":51,"column":2},"end":{"line":53,"column":3}},"12":{"start":{"line":52,"column":4},"end":{"line":52,"column":null}},"13":{"start":{"line":55,"column":2},"end":{"line":57,"column":3}},"14":{"start":{"line":56,"column":4},"end":{"line":56,"column":null}},"15":{"start":{"line":59,"column":2},"end":{"line":59,"column":null}},"16":{"start":{"line":36,"column":13},"end":{"line":36,"column":50}},"17":{"start":{"line":62,"column":13},"end":{"line":66,"column":null}},"18":{"start":{"line":68,"column":51},"end":{"line":104,"column":1}},"19":{"start":{"line":78,"column":18},"end":{"line":78,"column":48}},"20":{"start":{"line":79,"column":17},"end":{"line":79,"column":31}},"21":{"start":{"line":81,"column":2},"end":{"line":83,"column":3}},"22":{"start":{"line":82,"column":4},"end":{"line":82,"column":null}},"23":{"start":{"line":85,"column":2},"end":{"line":87,"column":3}},"24":{"start":{"line":86,"column":4},"end":{"line":86,"column":null}},"25":{"start":{"line":89,"column":2},"end":{"line":91,"column":3}},"26":{"start":{"line":90,"column":4},"end":{"line":90,"column":null}},"27":{"start":{"line":93,"column":46},"end":{"line":93,"column":53}},"28":{"start":{"line":95,"column":2},"end":{"line":103,"column":5}},"29":{"start":{"line":68,"column":13},"end":{"line":68,"column":51}},"30":{"start":{"line":106,"column":13},"end":{"line":109,"column":null}},"31":{"start":{"line":111,"column":33},"end":{"line":153,"column":1}},"32":{"start":{"line":117,"column":33},"end":{"line":122,"column":null}},"33":{"start":{"line":124,"column":2},"end":{"line":126,"column":3}},"34":{"start":{"line":125,"column":4},"end":{"line":125,"column":null}},"35":{"start":{"line":128,"column":2},"end":{"line":130,"column":3}},"36":{"start":{"line":129,"column":4},"end":{"line":129,"column":null}},"37":{"start":{"line":132,"column":19},"end":{"line":132,"column":67}},"38":{"start":{"line":133,"column":2},"end":{"line":135,"column":3}},"39":{"start":{"line":134,"column":4},"end":{"line":134,"column":null}},"40":{"start":{"line":137,"column":22},"end":{"line":137,"column":54}},"41":{"start":{"line":139,"column":15},"end":{"line":139,"column":43}},"42":{"start":{"line":141,"column":21},"end":{"line":141,"column":77}},"43":{"start":{"line":142,"column":18},"end":{"line":142,"column":99}},"44":{"start":{"line":144,"column":2},"end":{"line":144,"column":null}},"45":{"start":{"line":145,"column":2},"end":{"line":145,"column":null}},"46":{"start":{"line":146,"column":2},"end":{"line":146,"column":null}},"47":{"start":{"line":148,"column":2},"end":{"line":152,"column":null}},"48":{"start":{"line":111,"column":13},"end":{"line":111,"column":33}},"49":{"start":{"line":155,"column":25},"end":{"line":181,"column":1}},"50":{"start":{"line":159,"column":16},"end":{"line":159,"column":30}},"51":{"start":{"line":160,"column":2},"end":{"line":162,"column":3}},"52":{"start":{"line":161,"column":4},"end":{"line":161,"column":null}},"53":{"start":{"line":164,"column":14},"end":{"line":164,"column":43}},"54":{"start":{"line":165,"column":13},"end":{"line":165,"column":44}},"55":{"start":{"line":166,"column":19},"end":{"line":166,"column":47}},"56":{"start":{"line":168,"column":18},"end":{"line":168,"column":93}},"57":{"start":{"line":170,"column":2},"end":{"line":172,"column":3}},"58":{"start":{"line":171,"column":4},"end":{"line":171,"column":null}},"59":{"start":{"line":174,"column":2},"end":{"line":180,"column":null}},"60":{"start":{"line":155,"column":13},"end":{"line":155,"column":25}},"61":{"start":{"line":183,"column":25},"end":{"line":196,"column":1}},"62":{"start":{"line":184,"column":18},"end":{"line":184,"column":48}},"63":{"start":{"line":185,"column":2},"end":{"line":187,"column":3}},"64":{"start":{"line":186,"column":4},"end":{"line":186,"column":null}},"65":{"start":{"line":189,"column":18},"end":{"line":192,"column":28}},"66":{"start":{"line":193,"column":16},"end":{"line":193,"column":40}},"67":{"start":{"line":195,"column":2},"end":{"line":195,"column":91}},"68":{"start":{"line":183,"column":13},"end":{"line":183,"column":25}},"69":{"start":{"line":207,"column":27},"end":{"line":225,"column":1}},"70":{"start":{"line":208,"column":18},"end":{"line":208,"column":48}},"71":{"start":{"line":209,"column":18},"end":{"line":209,"column":101}},"72":{"start":{"line":211,"column":2},"end":{"line":213,"column":3}},"73":{"start":{"line":212,"column":4},"end":{"line":212,"column":null}},"74":{"start":{"line":215,"column":13},"end":{"line":215,"column":40}},"75":{"start":{"line":216,"column":15},"end":{"line":216,"column":83}},"76":{"start":{"line":217,"column":17},"end":{"line":217,"column":31}},"77":{"start":{"line":218,"column":14},"end":{"line":218,"column":69}},"78":{"start":{"line":220,"column":2},"end":{"line":222,"column":3}},"79":{"start":{"line":221,"column":4},"end":{"line":221,"column":null}},"80":{"start":{"line":224,"column":2},"end":{"line":224,"column":null}},"81":{"start":{"line":207,"column":13},"end":{"line":207,"column":27}},"82":{"start":{"line":227,"column":29},"end":{"line":247,"column":1}},"83":{"start":{"line":228,"column":21},"end":{"line":228,"column":22}},"84":{"start":{"line":230,"column":2},"end":{"line":232,"column":3}},"85":{"start":{"line":231,"column":4},"end":{"line":231,"column":null}},"86":{"start":{"line":234,"column":2},"end":{"line":236,"column":3}},"87":{"start":{"line":235,"column":4},"end":{"line":235,"column":null}},"88":{"start":{"line":238,"column":2},"end":{"line":240,"column":3}},"89":{"start":{"line":239,"column":4},"end":{"line":239,"column":null}},"90":{"start":{"line":242,"column":2},"end":{"line":244,"column":3}},"91":{"start":{"line":243,"column":4},"end":{"line":243,"column":null}},"92":{"start":{"line":246,"column":2},"end":{"line":246,"column":null}},"93":{"start":{"line":227,"column":13},"end":{"line":227,"column":29}}},"fnMap":{"0":{"name":"(anonymous_0)","decl":{"start":{"line":21,"column":38},"end":{"line":21,"column":39}},"loc":{"start":{"line":21,"column":91},"end":{"line":23,"column":1}}},"1":{"name":"(anonymous_1)","decl":{"start":{"line":36,"column":50},"end":{"line":36,"column":55}},"loc":{"start":{"line":45,"column":21},"end":{"line":60,"column":1}}},"2":{"name":"(anonymous_2)","decl":{"start":{"line":68,"column":51},"end":{"line":68,"column":56}},"loc":{"start":{"line":77,"column":21},"end":{"line":104,"column":1}}},"3":{"name":"(anonymous_3)","decl":{"start":{"line":111,"column":33},"end":{"line":111,"column":38}},"loc":{"start":{"line":116,"column":21},"end":{"line":153,"column":1}}},"4":{"name":"(anonymous_4)","decl":{"start":{"line":155,"column":25},"end":{"line":155,"column":null}},"loc":{"start":{"line":158,"column":91},"end":{"line":181,"column":1}}},"5":{"name":"(anonymous_5)","decl":{"start":{"line":183,"column":25},"end":{"line":183,"column":26}},"loc":{"start":{"line":183,"column":87},"end":{"line":196,"column":1}}},"6":{"name":"(anonymous_6)","decl":{"start":{"line":207,"column":27},"end":{"line":207,"column":28}},"loc":{"start":{"line":207,"column":75},"end":{"line":225,"column":1}}},"7":{"name":"(anonymous_7)","decl":{"start":{"line":227,"column":29},"end":{"line":227,"column":30}},"loc":{"start":{"line":227,"column":100},"end":{"line":247,"column":1}}}},"branchMap":{"0":{"loc":{"start":{"line":21,"column":39},"end":{"line":21,"column":79}},"type":"default-arg","locations":[{"start":{"line":21,"column":58},"end":{"line":21,"column":79}}]},"1":{"loc":{"start":{"line":39,"column":2},"end":{"line":44,"column":null}},"type":"default-arg","locations":[{"start":{"line":39,"column":27},"end":{"line":44,"column":null}}]},"2":{"loc":{"start":{"line":46,"column":9},"end":{"line":46,"column":24}},"type":"default-arg","locations":[{"start":{"line":46,"column":16},"end":{"line":46,"column":24}}]},"3":{"loc":{"start":{"line":46,"column":26},"end":{"line":46,"column":49}},"type":"default-arg","locations":[{"start":{"line":46,"column":35},"end":{"line":46,"column":49}}]},"4":{"loc":{"start":{"line":46,"column":51},"end":{"line":46,"column":70}},"type":"default-arg","locations":[{"start":{"line":46,"column":64},"end":{"line":46,"column":70}}]},"5":{"loc":{"start":{"line":47,"column":2},"end":{"line":49,"column":3}},"type":"if","locations":[{"start":{"line":47,"column":2},"end":{"line":49,"column":3}},{"start":{},"end":{}}]},"6":{"loc":{"start":{"line":47,"column":6},"end":{"line":47,"column":56}},"type":"binary-expr","locations":[{"start":{"line":47,"column":6},"end":{"line":47,"column":29}},{"start":{"line":47,"column":33},"end":{"line":47,"column":56}}]},"7":{"loc":{"start":{"line":51,"column":2},"end":{"line":53,"column":3}},"type":"if","locations":[{"start":{"line":51,"column":2},"end":{"line":53,"column":3}},{"start":{},"end":{}}]},"8":{"loc":{"start":{"line":51,"column":6},"end":{"line":51,"column":26}},"type":"binary-expr","locations":[{"start":{"line":51,"column":6},"end":{"line":51,"column":17}},{"start":{"line":51,"column":21},"end":{"line":51,"column":26}}]},"9":{"loc":{"start":{"line":55,"column":2},"end":{"line":57,"column":3}},"type":"if","locations":[{"start":{"line":55,"column":2},"end":{"line":57,"column":3}},{"start":{},"end":{}}]},"10":{"loc":{"start":{"line":55,"column":6},"end":{"line":55,"column":78}},"type":"binary-expr","locations":[{"start":{"line":55,"column":6},"end":{"line":55,"column":40}},{"start":{"line":55,"column":44},"end":{"line":55,"column":78}}]},"11":{"loc":{"start":{"line":71,"column":2},"end":{"line":76,"column":null}},"type":"default-arg","locations":[{"start":{"line":71,"column":27},"end":{"line":76,"column":null}}]},"12":{"loc":{"start":{"line":81,"column":2},"end":{"line":83,"column":3}},"type":"if","locations":[{"start":{"line":81,"column":2},"end":{"line":83,"column":3}},{"start":{},"end":{}}]},"13":{"loc":{"start":{"line":85,"column":2},"end":{"line":87,"column":3}},"type":"if","locations":[{"start":{"line":85,"column":2},"end":{"line":87,"column":3}},{"start":{},"end":{}}]},"14":{"loc":{"start":{"line":85,"column":6},"end":{"line":85,"column":56}},"type":"binary-expr","locations":[{"start":{"line":85,"column":6},"end":{"line":85,"column":29}},{"start":{"line":85,"column":33},"end":{"line":85,"column":56}}]},"15":{"loc":{"start":{"line":89,"column":2},"end":{"line":91,"column":3}},"type":"if","locations":[{"start":{"line":89,"column":2},"end":{"line":91,"column":3}},{"start":{},"end":{}}]},"16":{"loc":{"start":{"line":89,"column":6},"end":{"line":89,"column":26}},"type":"binary-expr","locations":[{"start":{"line":89,"column":6},"end":{"line":89,"column":17}},{"start":{"line":89,"column":21},"end":{"line":89,"column":26}}]},"17":{"loc":{"start":{"line":124,"column":2},"end":{"line":126,"column":3}},"type":"if","locations":[{"start":{"line":124,"column":2},"end":{"line":126,"column":3}},{"start":{},"end":{}}]},"18":{"loc":{"start":{"line":124,"column":6},"end":{"line":124,"column":42}},"type":"binary-expr","locations":[{"start":{"line":124,"column":6},"end":{"line":124,"column":17}},{"start":{"line":124,"column":21},"end":{"line":124,"column":42}}]},"19":{"loc":{"start":{"line":128,"column":2},"end":{"line":130,"column":3}},"type":"if","locations":[{"start":{"line":128,"column":2},"end":{"line":130,"column":3}},{"start":{},"end":{}}]},"20":{"loc":{"start":{"line":128,"column":6},"end":{"line":128,"column":50}},"type":"binary-expr","locations":[{"start":{"line":128,"column":6},"end":{"line":128,"column":15}},{"start":{"line":128,"column":19},"end":{"line":128,"column":50}}]},"21":{"loc":{"start":{"line":132,"column":19},"end":{"line":132,"column":67}},"type":"binary-expr","locations":[{"start":{"line":132,"column":19},"end":{"line":132,"column":28}},{"start":{"line":132,"column":32},"end":{"line":132,"column":67}}]},"22":{"loc":{"start":{"line":133,"column":2},"end":{"line":135,"column":3}},"type":"if","locations":[{"start":{"line":133,"column":2},"end":{"line":135,"column":3}},{"start":{},"end":{}}]},"23":{"loc":{"start":{"line":157,"column":2},"end":{"line":157,"column":44}},"type":"default-arg","locations":[{"start":{"line":157,"column":33},"end":{"line":157,"column":44}}]},"24":{"loc":{"start":{"line":160,"column":2},"end":{"line":162,"column":3}},"type":"if","locations":[{"start":{"line":160,"column":2},"end":{"line":162,"column":3}},{"start":{},"end":{}}]},"25":{"loc":{"start":{"line":160,"column":6},"end":{"line":160,"column":45}},"type":"binary-expr","locations":[{"start":{"line":160,"column":6},"end":{"line":160,"column":22}},{"start":{"line":160,"column":26},"end":{"line":160,"column":45}}]},"26":{"loc":{"start":{"line":168,"column":18},"end":{"line":168,"column":93}},"type":"cond-expr","locations":[{"start":{"line":168,"column":29},"end":{"line":168,"column":88}},{"start":{"line":168,"column":91},"end":{"line":168,"column":93}}]},"27":{"loc":{"start":{"line":170,"column":2},"end":{"line":172,"column":3}},"type":"if","locations":[{"start":{"line":170,"column":2},"end":{"line":172,"column":3}},{"start":{},"end":{}}]},"28":{"loc":{"start":{"line":185,"column":2},"end":{"line":187,"column":3}},"type":"if","locations":[{"start":{"line":185,"column":2},"end":{"line":187,"column":3}},{"start":{},"end":{}}]},"29":{"loc":{"start":{"line":211,"column":2},"end":{"line":213,"column":3}},"type":"if","locations":[{"start":{"line":211,"column":2},"end":{"line":213,"column":3}},{"start":{},"end":{}}]},"30":{"loc":{"start":{"line":220,"column":2},"end":{"line":222,"column":3}},"type":"if","locations":[{"start":{"line":220,"column":2},"end":{"line":222,"column":3}},{"start":{},"end":{}}]},"31":{"loc":{"start":{"line":230,"column":2},"end":{"line":232,"column":3}},"type":"if","locations":[{"start":{"line":230,"column":2},"end":{"line":232,"column":3}},{"start":{},"end":{}}]},"32":{"loc":{"start":{"line":234,"column":2},"end":{"line":236,"column":3}},"type":"if","locations":[{"start":{"line":234,"column":2},"end":{"line":236,"column":3}},{"start":{},"end":{}}]},"33":{"loc":{"start":{"line":238,"column":2},"end":{"line":240,"column":3}},"type":"if","locations":[{"start":{"line":238,"column":2},"end":{"line":240,"column":3}},{"start":{},"end":{}}]},"34":{"loc":{"start":{"line":242,"column":2},"end":{"line":244,"column":3}},"type":"if","locations":[{"start":{"line":242,"column":2},"end":{"line":244,"column":3}},{"start":{},"end":{}}]},"35":{"loc":{"start":{"line":242,"column":6},"end":{"line":242,"column":60}},"type":"binary-expr","locations":[{"start":{"line":242,"column":6},"end":{"line":242,"column":33}},{"start":{"line":242,"column":37},"end":{"line":242,"column":60}}]},"36":{"loc":{"start":{"line":246,"column":9},"end":{"line":246,"column":57}},"type":"binary-expr","locations":[{"start":{"line":246,"column":9},"end":{"line":246,"column":31}},{"start":{"line":246,"column":35},"end":{"line":246,"column":57}}]}},"s":{"0":1,"1":1,"2":1,"3":1,"4":1,"5":6,"6":1,"7":1,"8":1,"9":1,"10":0,"11":1,"12":0,"13":1,"14":0,"15":1,"16":1,"17":1,"18":1,"19":1,"20":1,"21":1,"22":0,"23":1,"24":0,"25":1,"26":0,"27":1,"28":1,"29":1,"30":1,"31":1,"32":4,"33":4,"34":1,"35":3,"36":1,"37":2,"38":2,"39":0,"40":2,"41":2,"42":2,"43":2,"44":2,"45":2,"46":2,"47":2,"48":1,"49":1,"50":5,"51":5,"52":1,"53":4,"54":4,"55":4,"56":4,"57":4,"58":1,"59":3,"60":1,"61":1,"62":6,"63":6,"64":1,"65":5,"66":5,"67":5,"68":1,"69":1,"70":3,"71":3,"72":3,"73":1,"74":2,"75":2,"76":2,"77":2,"78":2,"79":1,"80":1,"81":1,"82":1,"83":25,"84":25,"85":4,"86":25,"87":2,"88":25,"89":19,"90":25,"91":1,"92":24,"93":1},"f":{"0":6,"1":1,"2":1,"3":4,"4":5,"5":6,"6":3,"7":25},"b":{"0":[1],"1":[0],"2":[0],"3":[0],"4":[1],"5":[0,1],"6":[1,1],"7":[0,1],"8":[1,1],"9":[0,1],"10":[1,1],"11":[0],"12":[0,1],"13":[0,1],"14":[1,1],"15":[0,1],"16":[1,1],"17":[1,3],"18":[4,4],"19":[1,2],"20":[3,3],"21":[2,2],"22":[0,2],"23":[5],"24":[1,4],"25":[5,5],"26":[3,1],"27":[1,3],"28":[1,5],"29":[1,2],"30":[1,1],"31":[4,21],"32":[2,23],"33":[19,6],"34":[1,24],"35":[25,3],"36":[24,19]}}
,"/home/isolated/Development/myked/gsd/xgsd-cli/src/@core/keys/interfaces/index.ts": {"path":"/home/isolated/Development/myked/gsd/xgsd-cli/src/@core/keys/interfaces/index.ts","statementMap":{"0":{"start":{"line":1,"column":0},"end":{"line":1,"column":36}},"1":{"start":{"line":2,"column":0},"end":{"line":2,"column":31}},"2":{"start":{"line":3,"column":0},"end":{"line":3,"column":36}}},"fnMap":{},"branchMap":{},"s":{"0":0,"1":0,"2":0},"f":{},"b":{}}
,"/home/isolated/Development/myked/gsd/xgsd-cli/src/commands/hello/index.ts": {"path":"/home/isolated/Development/myked/gsd/xgsd-cli/src/commands/hello/index.ts","statementMap":{"0":{"start":{"line":1,"column":0},"end":{"line":1,"column":48}},"1":{"start":{"line":4,"column":16},"end":{"line":6,"column":null}},"2":{"start":{"line":7,"column":23},"end":{"line":7,"column":34}},"3":{"start":{"line":8,"column":20},"end":{"line":12,"column":null}},"4":{"start":{"line":13,"column":17},"end":{"line":15,"column":null}},"5":{"start":{"line":18,"column":26},"end":{"line":18,"column":49}},"6":{"start":{"line":20,"column":4},"end":{"line":20,"column":null}},"7":{"start":{"line":3,"column":0},"end":{"line":3,"column":21}}},"fnMap":{"0":{"name":"(anonymous_0)","decl":{"start":{"line":17,"column":2},"end":{"line":17,"column":7}},"loc":{"start":{"line":17,"column":11},"end":{"line":21,"column":3}}}},"branchMap":{},"s":{"0":0,"1":0,"2":0,"3":0,"4":0,"5":0,"6":0,"7":0},"f":{"0":0},"b":{}}
,"/home/isolated/Development/myked/gsd/xgsd-cli/src/commands/hello/world.ts": {"path":"/home/isolated/Development/myked/gsd/xgsd-cli/src/commands/hello/world.ts","statementMap":{"0":{"start":{"line":1,"column":0},"end":{"line":1,"column":35}},"1":{"start":{"line":4,"column":16},"end":{"line":4,"column":18}},"2":{"start":{"line":5,"column":23},"end":{"line":5,"column":40}},"3":{"start":{"line":6,"column":20},"end":{"line":10,"column":null}},"4":{"start":{"line":11,"column":17},"end":{"line":11,"column":19}},"5":{"start":{"line":14,"column":4},"end":{"line":14,"column":null}},"6":{"start":{"line":3,"column":0},"end":{"line":3,"column":21}}},"fnMap":{"0":{"name":"(anonymous_0)","decl":{"start":{"line":13,"column":2},"end":{"line":13,"column":7}},"loc":{"start":{"line":13,"column":11},"end":{"line":15,"column":3}}}},"branchMap":{},"s":{"0":0,"1":0,"2":0,"3":0,"4":0,"5":0,"6":0},"f":{"0":0},"b":{}}
}
