TN:
SF:src/index.ts
FN:1,(anonymous_0)
FNF:1
FNH:0
FNDA:0,(anonymous_0)
DA:1,0
LF:1
LH:0
BRF:0
BRH:0
end_of_record
TN:
SF:src/@core/keys/constants.ts
FNF:0
FNH:0
DA:3,1
DA:4,1
DA:6,1
DA:8,1
LF:4
LH:4
BRF:0
BRH:0
end_of_record
TN:
SF:src/@core/keys/util.ts
FN:5,(anonymous_0)
FN:37,(anonymous_1)
FN:60,(anonymous_2)
FN:80,(anonymous_3)
FNF:4
FNH:4
FNDA:6,(anonymous_0)
FNDA:4,(anonymous_1)
FNDA:3,(anonymous_2)
FNDA:23,(anonymous_3)
DA:1,1
DA:2,1
DA:5,1
DA:9,6
DA:10,6
DA:11,1
DA:14,5
DA:15,1
DA:18,4
DA:19,4
DA:20,4
DA:22,4
DA:24,4
DA:25,1
DA:28,3
DA:37,1
DA:38,4
DA:39,4
DA:40,1
DA:43,3
DA:47,3
DA:49,3
DA:60,1
DA:61,3
DA:62,3
DA:64,3
DA:65,1
DA:68,2
DA:69,2
DA:70,2
DA:71,2
DA:73,2
DA:74,1
DA:77,1
DA:80,1
DA:81,23
DA:83,23
DA:84,4
DA:87,23
DA:88,2
DA:91,23
DA:92,17
DA:95,23
DA:96,1
DA:99,22
LF:45
LH:45
BRDA:7,0,0,6
BRDA:10,1,0,1
BRDA:10,1,1,5
BRDA:10,2,0,6
BRDA:10,2,1,6
BRDA:14,3,0,1
BRDA:14,3,1,4
BRDA:22,4,0,3
BRDA:22,4,1,1
BRDA:24,5,0,1
BRDA:24,5,1,3
BRDA:39,6,0,1
BRDA:39,6,1,3
BRDA:64,7,0,1
BRDA:64,7,1,2
BRDA:73,8,0,1
BRDA:73,8,1,1
BRDA:83,9,0,4
BRDA:83,9,1,19
BRDA:87,10,0,2
BRDA:87,10,1,21
BRDA:91,11,0,17
BRDA:91,11,1,6
BRDA:95,12,0,1
BRDA:95,12,1,22
BRDA:95,13,0,23
BRDA:95,13,1,3
BRDA:99,14,0,22
BRDA:99,14,1,17
BRF:29
BRH:29
end_of_record
TN:
SF:src/@core/keys/interfaces/index.ts
FNF:0
FNH:0
DA:1,0
DA:2,0
DA:3,0
LF:3
LH:0
BRF:0
BRH:0
end_of_record
TN:
SF:src/commands/hello/index.ts
FN:17,(anonymous_0)
FNF:1
FNH:0
FNDA:0,(anonymous_0)
DA:1,0
DA:3,0
DA:4,0
DA:7,0
DA:8,0
DA:13,0
DA:18,0
DA:20,0
LF:8
LH:0
BRF:0
BRH:0
end_of_record
TN:
SF:src/commands/hello/world.ts
FN:13,(anonymous_0)
FNF:1
FNH:0
FNDA:0,(anonymous_0)
DA:1,0
DA:3,0
DA:4,0
DA:5,0
DA:6,0
DA:11,0
DA:14,0
LF:7
LH:0
BRF:0
BRH:0
end_of_record
