TN:
SF:src/index.ts
FN:1,(anonymous_0)
FNF:1
FNH:0
FNDA:0,(anonymous_0)
DA:1,0
LF:1
LH:0
BRF:0
BRH:0
end_of_record
TN:
SF:src/@core/generics/exportable.generic.ts
FN:18,(anonymous_0)
FN:20,(anonymous_1)
FN:25,(anonymous_2)
FN:29,(anonymous_3)
FN:33,(anonymous_4)
FNF:5
FNH:5
FNDA:4,(anonymous_0)
FNDA:1,(anonymous_1)
FNDA:3,(anonymous_2)
FNDA:2,(anonymous_3)
FNDA:1,(anonymous_4)
DA:2,1
DA:17,1
DA:18,4
DA:21,1
DA:22,1
DA:26,3
DA:30,2
DA:34,1
LF:8
LH:8
BRDA:18,0,0,2
BRDA:25,1,0,0
BRDA:29,2,0,2
BRDA:29,3,0,2
BRDA:34,4,0,1
BRDA:34,4,1,1
BRDA:34,5,0,1
BRDA:34,5,1,1
BRF:8
BRH:7
end_of_record
TN:
SF:src/@core/keys/constants.ts
FNF:0
FNH:0
DA:3,4
DA:4,4
DA:5,4
DA:7,4
DA:8,4
DA:9,4
DA:11,4
DA:13,4
DA:15,4
LF:9
LH:9
BRF:0
BRH:0
end_of_record
TN:
SF:src/@core/keys/derive.util.ts
FN:15,(anonymous_0)
FNF:1
FNH:0
FNDA:0,(anonymous_0)
DA:1,0
DA:2,0
DA:4,0
DA:15,0
DA:16,0
DA:17,0
DA:19,0
DA:20,0
DA:23,0
DA:25,0
DA:26,0
DA:27,0
DA:29,0
DA:30,0
DA:33,0
LF:15
LH:0
BRDA:19,0,0,0
BRDA:19,0,1,0
BRDA:23,1,0,0
BRDA:23,1,1,0
BRDA:29,2,0,0
BRDA:29,2,1,0
BRF:6
BRH:0
end_of_record
TN:
SF:src/@core/keys/keychain.ts
FN:18,(anonymous_0)
FN:28,(anonymous_1)
FN:32,(anonymous_2)
FN:39,(anonymous_3)
FN:43,(anonymous_4)
FN:48,(anonymous_5)
FN:58,(anonymous_6)
FN:71,(anonymous_7)
FN:75,(anonymous_8)
FN:83,(anonymous_9)
FNF:10
FNH:10
FNDA:19,(anonymous_0)
FNDA:14,(anonymous_1)
FNDA:2,(anonymous_2)
FNDA:19,(anonymous_3)
FNDA:3,(anonymous_4)
FNDA:2,(anonymous_5)
FNDA:3,(anonymous_6)
FNDA:6,(anonymous_7)
FNDA:2,(anonymous_8)
FNDA:9,(anonymous_9)
DA:2,1
DA:6,1
DA:12,1
DA:14,1
DA:19,19
DA:21,19
DA:22,1
DA:25,18
DA:29,14
DA:33,2
DA:35,2
DA:36,2
DA:40,19
DA:44,3
DA:45,3
DA:53,2
DA:54,2
DA:55,2
DA:59,3
DA:60,3
DA:62,3
DA:63,1
DA:66,2
DA:68,2
DA:72,6
DA:76,2
DA:77,1
DA:80,1
DA:84,9
DA:85,2
DA:88,7
LF:31
LH:31
BRDA:21,0,0,1
BRDA:21,0,1,18
BRDA:21,1,0,19
BRDA:21,1,1,18
BRDA:29,2,0,14
BRDA:29,2,1,14
BRDA:35,3,0,2
BRDA:35,3,1,2
BRDA:43,4,0,1
BRDA:43,5,0,1
BRDA:43,6,0,1
BRDA:62,7,0,1
BRDA:62,7,1,2
BRDA:76,8,0,1
BRDA:76,8,1,1
BRDA:83,9,0,0
BRDA:84,10,0,2
BRDA:84,10,1,7
BRF:18
BRH:17
end_of_record
TN:
SF:src/@core/keys/keystore.ts
FN:11,(anonymous_0)
FN:18,(anonymous_1)
FN:33,(anonymous_2)
FN:47,(anonymous_3)
FN:54,(anonymous_4)
FNF:5
FNH:0
FNDA:0,(anonymous_0)
FNDA:0,(anonymous_1)
FNDA:0,(anonymous_2)
FNDA:0,(anonymous_3)
FNDA:0,(anonymous_4)
DA:1,0
DA:2,0
DA:4,0
DA:5,0
DA:7,0
DA:8,0
DA:9,0
DA:12,0
DA:13,0
DA:15,0
DA:19,0
DA:20,0
DA:22,0
DA:24,0
DA:25,0
DA:26,0
DA:29,0
DA:30,0
DA:34,0
DA:35,0
DA:37,0
DA:39,0
DA:40,0
DA:43,0
DA:44,0
DA:48,0
DA:50,0
DA:51,0
DA:55,0
DA:56,0
DA:58,0
DA:60,0
DA:61,0
DA:62,0
DA:65,0
DA:66,0
LF:36
LH:0
BRDA:18,0,0,0
BRDA:25,1,0,0
BRDA:25,1,1,0
BRDA:39,2,0,0
BRDA:39,2,1,0
BRDA:60,3,0,0
BRDA:60,3,1,0
BRF:7
BRH:0
end_of_record
TN:
SF:src/@core/keys/util.ts
FN:20,(anonymous_0)
FN:36,(anonymous_1)
FN:69,(anonymous_2)
FN:74,(anonymous_3)
FN:99,(anonymous_4)
FN:110,(anonymous_5)
FN:133,(anonymous_6)
FN:154,(anonymous_7)
FNF:8
FNH:6
FNDA:9,(anonymous_0)
FNDA:6,(anonymous_1)
FNDA:0,(anonymous_2)
FNDA:4,(anonymous_3)
FNDA:4,(anonymous_4)
FNDA:2,(anonymous_5)
FNDA:0,(anonymous_6)
FNDA:19,(anonymous_7)
DA:1,2
DA:2,2
DA:13,2
DA:20,2
DA:21,9
DA:36,2
DA:42,6
DA:49,6
DA:50,1
DA:53,5
DA:54,1
DA:57,4
DA:59,4
DA:61,4
DA:62,0
DA:65,4
DA:66,4
DA:69,2
DA:70,0
DA:71,0
DA:74,2
DA:78,4
DA:79,4
DA:80,1
DA:83,3
DA:84,3
DA:85,3
DA:87,3
DA:88,1
DA:91,2
DA:99,2
DA:100,4
DA:101,4
DA:102,1
DA:105,3
DA:107,3
DA:110,2
DA:111,2
DA:112,2
DA:113,0
DA:116,2
DA:117,0
DA:120,2
DA:121,2
DA:133,2
DA:134,0
DA:135,0
DA:137,0
DA:138,0
DA:141,0
DA:143,0
DA:144,0
DA:145,0
DA:147,0
DA:148,0
DA:151,0
DA:154,2
DA:155,19
DA:157,19
DA:158,4
DA:161,19
DA:162,2
DA:165,19
DA:166,13
DA:169,19
DA:170,1
DA:173,18
LF:67
LH:51
BRDA:20,0,0,1
BRDA:49,1,0,1
BRDA:49,1,1,5
BRDA:49,2,0,6
BRDA:49,2,1,6
BRDA:53,3,0,1
BRDA:53,3,1,4
BRDA:53,4,0,5
BRDA:53,4,1,5
BRDA:61,5,0,0
BRDA:61,5,1,4
BRDA:76,6,0,4
BRDA:79,7,0,1
BRDA:79,7,1,3
BRDA:79,8,0,4
BRDA:79,8,1,3
BRDA:87,9,0,1
BRDA:87,9,1,2
BRDA:101,10,0,1
BRDA:101,10,1,3
BRDA:110,11,0,0
BRDA:110,12,0,0
BRDA:112,13,0,0
BRDA:112,13,1,2
BRDA:116,14,0,0
BRDA:116,14,1,2
BRDA:137,15,0,0
BRDA:137,15,1,0
BRDA:141,16,0,0
BRDA:141,16,1,0
BRDA:147,17,0,0
BRDA:147,17,1,0
BRDA:157,18,0,4
BRDA:157,18,1,15
BRDA:161,19,0,2
BRDA:161,19,1,17
BRDA:165,20,0,13
BRDA:165,20,1,6
BRDA:169,21,0,1
BRDA:169,21,1,18
BRDA:169,22,0,19
BRDA:169,22,1,4
BRDA:173,23,0,18
BRDA:173,23,1,15
BRF:44
BRH:33
end_of_record
TN:
SF:src/@core/keys/interfaces/index.ts
FNF:0
FNH:0
DA:1,0
DA:2,0
DA:3,0
LF:3
LH:0
BRF:0
BRH:0
end_of_record
TN:
SF:src/@core/keys/interfaces/key-manager.interface.ts
FN:24,(anonymous_0)
FN:31,(anonymous_1)
FN:35,(anonymous_2)
FN:48,(anonymous_3)
FN:58,(anonymous_4)
FN:75,(anonymous_5)
FNF:6
FNH:0
FNDA:0,(anonymous_0)
FNDA:0,(anonymous_1)
FNDA:0,(anonymous_2)
FNDA:0,(anonymous_3)
FNDA:0,(anonymous_4)
FNDA:0,(anonymous_5)
DA:1,0
DA:2,0
DA:4,0
DA:8,0
DA:9,0
DA:21,0
DA:24,0
DA:25,0
DA:32,0
DA:36,0
DA:45,0
DA:49,0
DA:51,0
DA:52,0
DA:55,0
DA:59,0
DA:60,0
DA:63,0
DA:64,0
DA:66,0
DA:67,0
DA:69,0
DA:76,0
DA:77,0
DA:80,0
DA:81,0
DA:82,0
DA:84,0
DA:86,0
DA:91,0
DA:92,0
LF:31
LH:0
BRDA:24,0,0,0
BRDA:35,1,0,0
BRDA:48,2,0,0
BRDA:51,3,0,0
BRDA:51,3,1,0
BRDA:59,4,0,0
BRDA:59,4,1,0
BRDA:67,5,0,0
BRDA:67,5,1,0
BRDA:76,6,0,0
BRDA:76,6,1,0
BRDA:87,7,0,0
BRDA:87,7,1,0
BRDA:92,8,0,0
BRDA:92,8,1,0
BRF:15
BRH:0
end_of_record
TN:
SF:src/@core/keys/util/format.util.ts
FN:18,(anonymous_0)
FN:25,(anonymous_1)
FN:26,(anonymous_2)
FN:28,(anonymous_3)
FN:71,(anonymous_4)
FNF:5
FNH:5
FNDA:8,(anonymous_0)
FNDA:9,(anonymous_1)
FNDA:7,(anonymous_2)
FNDA:3,(anonymous_3)
FNDA:4,(anonymous_4)
DA:2,3
DA:18,3
DA:23,8
DA:25,9
DA:26,8
DA:28,8
DA:29,3
DA:30,0
DA:35,8
DA:36,1
DA:37,1
DA:39,1
DA:43,7
DA:44,1
DA:45,1
DA:47,1
DA:51,6
DA:52,0
DA:55,6
DA:56,6
DA:57,6
DA:59,6
DA:60,5
DA:63,1
DA:64,1
DA:66,1
DA:68,1
DA:71,3
DA:72,4
LF:29
LH:27
BRDA:20,0,0,6
BRDA:21,1,0,7
BRDA:29,2,0,0
BRDA:29,2,1,3
BRDA:29,3,0,3
BRDA:29,3,1,3
BRDA:35,4,0,1
BRDA:35,4,1,7
BRDA:43,5,0,1
BRDA:43,5,1,6
BRDA:51,6,0,0
BRDA:51,6,1,6
BRDA:51,7,0,6
BRDA:51,7,1,6
BRDA:59,8,0,5
BRDA:59,8,1,1
BRDA:59,9,0,6
BRDA:59,9,1,6
BRDA:66,10,0,1
BRDA:66,10,1,0
BRDA:72,11,0,3
BRDA:72,11,1,1
BRF:22
BRH:19
end_of_record
TN:
SF:src/@core/util/debug.util.ts
FN:1,(anonymous_0)
FNF:1
FNH:0
FNDA:0,(anonymous_0)
DA:1,0
DA:2,0
DA:3,0
LF:3
LH:0
BRDA:1,0,0,0
BRDA:2,1,0,0
BRDA:2,1,1,0
BRDA:2,2,0,0
BRDA:2,2,1,0
BRF:5
BRH:0
end_of_record
TN:
SF:src/commands/config/keys.ts
FN:28,(anonymous_0)
FN:66,(anonymous_1)
FN:77,(anonymous_2)
FNF:3
FNH:0
FNDA:0,(anonymous_0)
FNDA:0,(anonymous_1)
FNDA:0,(anonymous_2)
DA:1,0
DA:2,0
DA:3,0
DA:6,0
DA:10,0
DA:11,0
DA:15,0
DA:16,0
DA:17,0
DA:18,0
DA:38,0
DA:40,0
DA:41,0
DA:42,0
DA:44,0
DA:46,0
DA:47,0
DA:48,0
DA:50,0
DA:52,0
DA:54,0
DA:55,0
DA:56,0
DA:57,0
DA:59,0
DA:60,0
DA:62,0
DA:63,0
DA:67,0
DA:69,0
DA:70,0
DA:71,0
DA:72,0
DA:74,0
DA:78,0
DA:80,0
DA:82,0
DA:91,0
DA:93,0
DA:94,0
DA:96,0
DA:97,0
DA:99,0
LF:43
LH:0
BRDA:30,0,0,0
BRDA:32,1,0,0
BRDA:33,2,0,0
BRDA:34,3,0,0
BRDA:35,4,0,0
BRDA:38,5,0,0
BRDA:38,5,1,0
BRDA:47,6,0,0
BRDA:47,6,1,0
BRDA:80,7,0,0
BRDA:80,7,1,0
BRDA:80,7,2,0
BRDA:83,8,0,0
BRDA:83,8,1,0
BRDA:93,9,0,0
BRDA:93,9,1,0
BRF:16
BRH:0
end_of_record
TN:
SF:src/commands/hello/index.ts
FN:17,(anonymous_0)
FNF:1
FNH:0
FNDA:0,(anonymous_0)
DA:1,0
DA:3,0
DA:4,0
DA:7,0
DA:8,0
DA:13,0
DA:18,0
DA:20,0
LF:8
LH:0
BRF:0
BRH:0
end_of_record
TN:
SF:src/commands/hello/world.ts
FN:13,(anonymous_0)
FNF:1
FNH:0
FNDA:0,(anonymous_0)
DA:1,0
DA:3,0
DA:4,0
DA:5,0
DA:6,0
DA:11,0
DA:14,0
LF:7
LH:0
BRF:0
BRH:0
end_of_record
